{"level":"info","message":"GET /auth/login 404 149 - 3.252 ms\n","timestamp":"2025-10-06 14:04:15"}
{"level":"info","message":"POST /auth/login 200 395 - 75.529 ms\n","timestamp":"2025-10-06 14:05:01"}
{"level":"info","message":"GET /dashboard/getStudentDashboardSummaries 200 247 - 7.754 ms\n","timestamp":"2025-10-06 14:05:02"}
{"level":"info","message":"GET /dashboard/getStudentDashboardSummaries 200 247 - 43.176 ms\n","timestamp":"2025-10-06 14:06:58"}
{"level":"info","message":"GET /user/getUserProfile 200 182 - 4.373 ms\n","timestamp":"2025-10-06 14:07:02"}
{"level":"info","message":"GET /user/getUserProfile 304 - - 5.720 ms\n","timestamp":"2025-10-06 14:07:02"}
{"level":"info","message":"GET /dashboard/getStudentDashboardSummaries 200 252 - 17.167 ms\n","timestamp":"2025-10-06 14:11:06"}
{"level":"info","message":"GET /dashboard/getStudentDashboardSummaries 200 252 - 11.743 ms\n","timestamp":"2025-10-06 14:11:17"}
{"level":"info","message":"GET /student/getStudentCurrentStandards 200 30 - 9.853 ms\n","timestamp":"2025-10-06 14:11:17"}
{"level":"info","message":"GET /student/getStudentCurrentStandards 200 30 - 5.367 ms\n","timestamp":"2025-10-06 14:11:19"}
{"level":"info","message":"GET /student/getStudentProfileSummarizedStandards 200 188 - 10.797 ms\n","timestamp":"2025-10-06 14:11:21"}
{"level":"info","message":"GET /student/getStandardsResourcesAndCount 200 59 - 8.670 ms\n","timestamp":"2025-10-06 14:11:24"}
{"level":"info","message":"GET /user/getUserProfile 304 - - 4.124 ms\n","timestamp":"2025-10-06 14:11:32"}
{"level":"info","message":"GET /user/getUserProfile 304 - - 4.518 ms\n","timestamp":"2025-10-06 14:11:32"}
{"level":"info","message":"GET /dashboard/getStudentDashboardSummaries 200 252 - 13.941 ms\n","timestamp":"2025-10-06 14:13:10"}
{"level":"info","message":"POST /auth/login 200 434 - 67.036 ms\n","timestamp":"2025-10-06 14:13:29"}
{"level":"info","message":"GET /dashboard/getTeacherDashboardSummaries 200 514 - 11.727 ms\n","timestamp":"2025-10-06 14:13:30"}
{"level":"info","message":"GET /classroom/getClassesAndCourses 200 30 - 2.749 ms\n","timestamp":"2025-10-06 14:13:30"}
{"level":"info","message":"GET /student/getAllSummarizedStudentAndStandardsForTeacher 200 158 - 14.657 ms\n","timestamp":"2025-10-06 14:13:41"}
{"level":"info","message":"GET /standard/getAllSummarizedStandards 200 1583 - 7.910 ms\n","timestamp":"2025-10-06 14:13:43"}
{"level":"info","message":"GET /dashboard/getTeacherDashboardSummaries 200 514 - 19.339 ms\n","timestamp":"2025-10-06 14:15:10"}
{"level":"info","message":"GET /classroom/getClassesAndCourses 200 30 - 7.610 ms\n","timestamp":"2025-10-06 14:15:10"}
{"level":"info","message":"POST /auth/login 200 391 - 52.547 ms\n","timestamp":"2025-10-06 14:15:46"}
{"level":"info","message":"GET /dashboard/getAdminDashboardSummaries 200 130 - 6.595 ms\n","timestamp":"2025-10-06 14:15:46"}
{"level":"info","message":"GET /user/getAllUsersProfile?limit=10&page=1&orderBy=&sortBy=&keyword=&role= 200 504 - 5.308 ms\n","timestamp":"2025-10-06 14:15:46"}
{"level":"info","message":"GET /resource/getResources?topic=&type=&limit=10&page=1&orderBy=&sortBy= 200 2752 - 3.767 ms\n","timestamp":"2025-10-06 14:15:46"}
{"level":"info","message":"GET /video/getAllVideos 200 3053 - 5.722 ms\n","timestamp":"2025-10-06 14:15:53"}
{"level":"info","message":"GET /resource/getResources?topic=&type=&limit=10&page=1&orderBy=&sortBy= 200 2752 - 10.194 ms\n","timestamp":"2025-10-06 14:16:32"}
{"level":"info","message":"GET /video/getVideo 200 465 - 5.345 ms\n","timestamp":"2025-10-06 14:16:38"}
{"level":"info","message":"GET /standard/getAllSummarizedStandards 200 1583 - 11.598 ms\n","timestamp":"2025-10-06 14:16:52"}
{"level":"info","message":"GET /dashboard/getAdminDashboardSummaries 200 130 - 8.992 ms\n","timestamp":"2025-10-06 14:17:30"}
{"level":"info","message":"GET /user/getAllUsersProfile?limit=10&page=1&orderBy=&sortBy=&keyword=&role= 200 504 - 3.907 ms\n","timestamp":"2025-10-06 14:17:30"}
{"level":"info","message":"GET /resource/getResources?topic=&type=&limit=10&page=1&orderBy=&sortBy= 200 2752 - 4.497 ms\n","timestamp":"2025-10-06 14:17:30"}
{"level":"info","message":"GET /dashboard/getAdminDashboardSummaries 200 130 - 5.914 ms\n","timestamp":"2025-10-06 14:17:30"}
{"level":"info","message":"GET /user/getAllUsersProfile?limit=10&page=1&orderBy=&sortBy=&keyword=&role= 200 504 - 2.361 ms\n","timestamp":"2025-10-06 14:17:30"}
{"level":"info","message":"GET /resource/getResources?topic=&type=&limit=10&page=1&orderBy=&sortBy= 200 2752 - 3.647 ms\n","timestamp":"2025-10-06 14:17:30"}
{"level":"info","message":"GET /resource/getResources?topic=&type=&limit=10&page=1&orderBy=&sortBy= 200 2752 - 4.763 ms\n","timestamp":"2025-10-06 14:17:33"}
{"level":"info","message":"GET /standard/getAllSummarizedStandards 200 1583 - 7.224 ms\n","timestamp":"2025-10-06 14:17:35"}
{"level":"info","message":"GET /video/getAllVideos 200 3053 - 5.142 ms\n","timestamp":"2025-10-06 14:17:37"}
{"level":"info","message":"GET /video/getAllVideos 200 3053 - 4.014 ms\n","timestamp":"2025-10-06 14:17:38"}
{"level":"info","message":"GET /video/getAllVideos 200 3053 - 3.707 ms\n","timestamp":"2025-10-06 14:17:38"}
{"level":"info","message":"GET /user/getAllUsersProfile?limit=10&page=1&orderBy=&sortBy=&keyword=&role= 200 504 - 3.666 ms\n","timestamp":"2025-10-06 14:17:41"}
{"level":"info","message":"GET /school/getAllSchools 200 173 - 5.130 ms\n","timestamp":"2025-10-06 14:17:42"}
{"level":"info","message":"GET /school/getAllSchools 304 - - 4.650 ms\n","timestamp":"2025-10-06 14:17:42"}
{"level":"info","message":"GET /standard/getStandard 200 157 - 9.326 ms\n","timestamp":"2025-10-06 14:17:58"}
{"level":"info","message":"GET /school/getAllSchools 304 - - 7.482 ms\n","timestamp":"2025-10-06 14:18:05"}
{"level":"info","message":"GET /school/getAllSchools 304 - - 5.944 ms\n","timestamp":"2025-10-06 14:18:05"}
{"level":"info","message":"GET /resource/getResources?topic=&type=&limit=10&page=1&orderBy=&sortBy= 200 2752 - 7.804 ms\n","timestamp":"2025-10-06 14:18:06"}
{"level":"info","message":"GET /video/getAllVideos 200 3053 - 10.568 ms\n","timestamp":"2025-10-06 14:18:07"}
{"level":"info","message":"GET /dashboard/getAdminDashboardSummaries 200 130 - 7.945 ms\n","timestamp":"2025-10-06 14:18:09"}
{"level":"info","message":"GET /user/getAllUsersProfile?limit=10&page=1&orderBy=&sortBy=&keyword=&role= 200 504 - 3.335 ms\n","timestamp":"2025-10-06 14:18:09"}
{"level":"info","message":"GET /resource/getResources?topic=&type=&limit=10&page=1&orderBy=&sortBy= 200 2752 - 4.444 ms\n","timestamp":"2025-10-06 14:18:09"}
{"level":"info","message":"GET /video/getAllVideos 200 3053 - 19.490 ms\n","timestamp":"2025-10-06 14:26:52"}
